app/build/outputs/mapping/debug/mapping.txt
# compiler: R8
# compiler_version: 1.5.69
# min_api: 19
# pg_map_id: 248c90f
com.smart.moneymanager.Activity.ActivityAddTrans -> com.smart.moneymanager.Activity.ActivityAddTrans:
    androidx.recyclerview.widget.RecyclerView rvCategoryList -> w
    android.widget.LinearLayout btnLeft -> B
    int Month -> K
    android.widget.TextView tvExpenseSelect -> u
    int Year -> H
    long transactionId -> G
    android.widget.LinearLayout layoutAddTransaction -> J
    android.widget.TextView tvIncomeSelect -> v
    android.widget.EditText etMemo -> L
    android.widget.ImageView ivBarRight -> E
    android.widget.LinearLayout btnRight -> D
    android.widget.ImageView ivBarLeft -> C
    long selectedId -> z
    java.lang.Boolean isIncome -> x
    android.widget.EditText etAmount -> t
    android.widget.Button btnSave -> F
    int Day -> y
    android.app.DatePickerDialog$OnDateSetListener tvDateSetListner -> A
    android.widget.TextView tvBarText -> I
    android.widget.TextView tvDatePicker -> M
    97:107:void <init>() -> <init>
    97:97:java.lang.Boolean access$000(com.smart.moneymanager.Activity.ActivityAddTrans) -> a
    97:97:java.lang.Boolean access$002(com.smart.moneymanager.Activity.ActivityAddTrans,java.lang.Boolean) -> a
    97:97:int access$602(com.smart.moneymanager.Activity.ActivityAddTrans,int) -> a
    9872:10387:void SetType(java.lang.Boolean) -> a
    23425:18996:void LoadCategory(long) -> a
    97:97:android.widget.TextView access$100(com.smart.moneymanager.Activity.ActivityAddTrans) -> b
com.smart.moneymanager.Activity.ActivityAddTrans$1 -> com.smart.moneymanager.Activity.ActivityAddTrans$a:
    com.smart.moneymanager.Activity.ActivityAddTrans this$0 -> b
    82:82:void <init>(com.smart.moneymanager.Activity.ActivityAddTrans) -> <init>
    39:122:void onClick(android.view.View) -> onClick
com.smart.moneymanager.Activity.ActivityAddTrans$2 -> com.smart.moneymanager.Activity.ActivityAddTrans$b:
    com.smart.moneymanager.Activity.ActivityAddTrans this$0 -> b
    193:193:void <init>(com.smart.moneymanager.Activity.ActivityAddTrans) -> <init>
    34:179:void onClick(android.view.View) -> onClick
com.smart.moneymanager.Activity.ActivityAddTrans$3 -> com.smart.moneymanager.Activity.ActivityAddTrans$c:
    com.smart.moneymanager.Activity.ActivityAddTrans this$0 -> b
    112:112:void <init>(com.smart.moneymanager.Activity.ActivityAddTrans) -> <init>
    199:233:void onClick(android.view.View) -> onClick
com.smart.moneymanager.Activity.ActivityAddTrans$4 -> com.smart.moneymanager.Activity.ActivityAddTrans$d:
    com.smart.moneymanager.Activity.ActivityAddTrans this$0 -> b
    151:151:void <init>(com.smart.moneymanager.Activity.ActivityAddTrans) -> <init>
    211:134:void onClick(android.view.View) -> onClick
com.smart.moneymanager.Activity.ActivityAddTrans$5 -> com.smart.moneymanager.Activity.ActivityAddTrans$e:
    com.smart.moneymanager.Activity.ActivityAddTrans this$0 -> b
    230:230:void <init>(com.smart.moneymanager.Activity.ActivityAddTrans) -> <init>
    11:120:void onClick(android.view.View) -> onClick
com.smart.moneymanager.Activity.ActivityAddTrans$6 -> com.smart.moneymanager.Activity.ActivityAddTrans$f:
    com.smart.moneymanager.Activity.ActivityAddTrans this$0 -> a
    174:174:void <init>(com.smart.moneymanager.Activity.ActivityAddTrans) -> <init>
    58:224:void onDateSet(android.widget.DatePicker,int,int,int) -> onDateSet
com.smart.moneymanager.Activity.ActivityAddTrans$7 -> com.smart.moneymanager.Activity.ActivityAddTrans$g:
    com.smart.moneymanager.Activity.ActivityAddTrans this$0 -> b
    232:232:void <init>(com.smart.moneymanager.Activity.ActivityAddTrans) -> <init>
    158:4:void onClick(android.view.View) -> onClick
com.smart.moneymanager.Activity.ActivityAddTrans$8 -> com.smart.moneymanager.Activity.ActivityAddTrans$h:
    com.smart.moneymanager.Activity.ActivityAddTrans this$0 -> b
    52:52:void <init>(com.smart.moneymanager.Activity.ActivityAddTrans) -> <init>
    94:124:void onClick(android.view.View) -> onClick
...
androidx.appcompat.view.SupportMenuInflater -> b.a.n.g:
    java.lang.Class[] ACTION_VIEW_CONSTRUCTOR_SIGNATURE -> e
    java.lang.Object[] mActionProviderConstructorArguments -> b
    android.content.Context mContext -> c
    java.lang.Class[] ACTION_PROVIDER_CONSTRUCTOR_SIGNATURE -> f
    java.lang.Object[] mActionViewConstructorArguments -> a
    java.lang.Object mRealOwner -> d
    83:85:void <clinit>() -> <clinit>
    101:105:void <init>(android.content.Context) -> <init>
    145:221:void parseMenu(org.xmlpull.v1.XmlPullParser,android.util.AttributeSet,android.view.Menu) -> a
    224:227:java.lang.Object getRealOwner() -> a
    231:237:java.lang.Object findRealOwner(java.lang.Object) -> a
    119:136:void inflate(int,android.view.Menu) -> inflate
androidx.appcompat.view.SupportMenuInflater$InflatedOnMenuItemClickListener -> b.a.n.g$a:
    java.lang.Class[] PARAM_TYPES -> c
    java.lang.Object mRealOwner -> a
    java.lang.reflect.Method mMethod -> b
    242:242:void <clinit>() -> <clinit>
    247:257:void <init>(java.lang.Object,java.lang.String) -> <init>
    264:271:boolean onMenuItemClick(android.view.MenuItem) -> onMenuItemClick
androidx.appcompat.view.SupportMenuInflater$MenuState -> b.a.n.g$b:
    int itemCategoryOrder -> j
    char itemAlphabeticShortcut -> n
    java.lang.CharSequence itemTooltipText -> C
    char itemNumericShortcut -> p
    boolean itemEnabled -> u
    int groupOrder -> d
    int groupId -> b
    boolean itemChecked -> s
    java.lang.String itemActionViewClassName -> x
    android.content.res.ColorStateList itemIconTintList -> D
    java.lang.String itemListenerMethodName -> z
    android.view.Menu menu -> a
    boolean groupVisible -> f
    int itemActionViewLayout -> w
    androidx.appcompat.view.SupportMenuInflater this$0 -> F
    boolean itemAdded -> h
    androidx.core.view.ActionProvider itemActionProvider -> A
    int itemNumericModifiers -> q
    int itemAlphabeticModifiers -> o
    int itemIconResId -> m
    java.lang.CharSequence itemContentDescription -> B
    int itemId -> i
    int groupCheckable -> e
    int groupCategory -> c
    java.lang.CharSequence itemTitle -> k
    boolean itemVisible -> t
    java.lang.CharSequence itemTitleCondensed -> l
    java.lang.String itemActionProviderClassName -> y
    android.graphics.PorterDuff$Mode itemIconTintMode -> E
    int itemShowAsAction -> v
    boolean groupEnabled -> g
    int itemCheckable -> r
    349:353:void <init>(androidx.appcompat.view.SupportMenuInflater,android.view.Menu) -> <init>
    368:380:void readGroup(android.util.AttributeSet) -> a
    459:462:char getShortcut(java.lang.String) -> a
androidx.appcompat.view.ViewPropertyAnimatorCompatSet -> b.a.n.h:
    android.view.animation.Interpolator mInterpolator -> c
    androidx.core.view.ViewPropertyAnimatorListener mListener -> d
    long mDuration -> b
    boolean mIsStarted -> e
    androidx.core.view.ViewPropertyAnimatorListenerAdapter mProxyListener -> f
    java.util.ArrayList mAnimators -> a
    48:50:void <init>() -> <init>
    53:56:androidx.appcompat.view.ViewPropertyAnimatorCompatSet play(androidx.core.view.ViewPropertyAnimatorCompat) -> a
    61:64:androidx.appcompat.view.ViewPropertyAnimatorCompatSet playSequentially(androidx.core.view.ViewPropertyAnimatorCompat,androidx.core.view.ViewPropertyAnimatorCompat) -> a
    90:97:void cancel() -> a
    100:103:androidx.appcompat.view.ViewPropertyAnimatorCompatSet setDuration(long) -> a
    107:110:androidx.appcompat.view.ViewPropertyAnimatorCompatSet setInterpolator(android.view.animation.Interpolator) -> a
    114:117:androidx.appcompat.view.ViewPropertyAnimatorCompatSet setListener(androidx.core.view.ViewPropertyAnimatorListener) -> a
    86:87:void onAnimationsEnded() -> b
    68:83:void start() -> c